08/07/2012 12:56:24 Encendido el servidor para los applets
08/07/2012 12:56:24 Encendido hilo tareas limpieza/mantenimiento
08/07/2012 12:56:24 Encendido hilo actualización de accessList en plantas remotas
08/07/2012 12:56:25 Realizada limpieza de registros antiguos en accessListHistory
08/07/2012 12:56:46 Comprobada existencia de admin
08/07/2012 12:56:46 Leidos datos de admin
08/07/2012 12:56:46 Error. Clase TablasMoodle, metodo seleccionarPlantas(2). java.sql.SQLException: Unknown column 'ejsappid' in 'field list'
08/07/2012 12:56:46 Enviada lista plantas del userID: 2
08/07/2012 13:29:34 Detenido el servidor para los applets
08/07/2012 13:29:34 Detenido hilo actualización accessList en plantas remotas
08/07/2012 13:29:34 Detenido hilo tareas limpieza/mantenimiento
08/07/2012 13:30:00 Encendido el servidor para los applets
08/07/2012 13:30:00 Encendido hilo tareas limpieza/mantenimiento
08/07/2012 13:30:00 Encendido hilo actualización de accessList en plantas remotas
08/07/2012 13:30:00 Realizada limpieza de registros antiguos en accessListHistory
08/07/2012 13:30:08 Leidos datos Emersion
08/07/2012 13:30:08 Leidos datos mySQL
08/07/2012 13:30:08 Leidos valores servidor
08/07/2012 13:30:10 Probada la conexion con mySQL
08/07/2012 13:30:13 Probada la conexion con Moodle
08/07/2012 13:42:53 Comprobada existencia de admin
08/07/2012 13:42:53 Leidos datos de admin
08/07/2012 13:42:53 Enviada lista plantas del userID: 2
08/07/2012 13:45:25 Calculada disponibilidad de planta id: 1, desde :2012-07-08 00:00:00, hasta: 2012-07-08 23:59:59
08/07/2012 13:45:25 Calculados slots para user, id_planta, inicio, fin, desfase: admin, 1, 2012-07-08 00:00:00, 2012-07-08 23:59:59, 0
08/07/2012 13:45:25 Error. Clase TablaAccessListPlanta, metodo estado(). Communications link failure due to underlying exception: 

** BEGIN NESTED EXCEPTION ** 

java.net.SocketException
MESSAGE: java.net.ConnectException: connect: Address is invalid on local machine, or port is not valid on remote machine

STACKTRACE:

java.net.SocketException: java.net.ConnectException: connect: Address is invalid on local machine, or port is not valid on remote machine
	at com.mysql.jdbc.StandardSocketFactory.connect(StandardSocketFactory.java:156)
	at com.mysql.jdbc.MysqlIO.<init>(MysqlIO.java:284)
	at com.mysql.jdbc.Connection.createNewIO(Connection.java:2569)
	at com.mysql.jdbc.Connection.<init>(Connection.java:1485)
	at com.mysql.jdbc.NonRegisteringDriver.connect(NonRegisteringDriver.java:266)
	at java.sql.DriverManager.getConnection(Unknown Source)
	at java.sql.DriverManager.getConnection(Unknown Source)
	at com.javierpavon.proyecto.servidor_reservas.TablaAccessListPlanta.estado(TablaAccessListPlanta.java:222)
	at com.javierpavon.proyecto.servidor_reservas.FuncionesComunicacion.estadoPlanta(FuncionesComunicacion.java:271)
	at com.javierpavon.proyecto.servidor_reservas.PuertoAsignado.run(PuertoAsignado.java:139)


** END NESTED EXCEPTION **



Last packet sent to the server was 16 ms ago.
08/07/2012 13:45:25 Comprobado estado bbdd planta id: 1, FallingBall
