11/07/2012 08:23:02 Encendido hilo tareas limpieza/mantenimiento
11/07/2012 08:23:02 Encendido el servidor para los applets
11/07/2012 08:23:02 Encendido hilo actualización de accessList en plantas remotas
11/07/2012 08:23:03 Realizada limpieza de registros antiguos en accessListHistory
11/07/2012 08:23:11 Comprobada existencia de admin
11/07/2012 08:23:11 Leidos datos de admin
11/07/2012 08:23:11 Enviada lista plantas del userID: 2
11/07/2012 08:25:08 Comprobada existencia de admin
11/07/2012 08:25:08 Leidos datos de admin
11/07/2012 08:25:08 Enviada lista plantas del userID: 2
11/07/2012 11:56:43 Encendido hilo actualización de accessList en plantas remotas
11/07/2012 11:56:43 Encendido el servidor para los applets
11/07/2012 11:56:43 Encendido hilo tareas limpieza/mantenimiento
11/07/2012 11:56:44 Realizada limpieza de registros antiguos en accessListHistory
11/07/2012 11:57:24 Comprobada existencia de admin
11/07/2012 11:57:24 Leidos datos de admin
11/07/2012 11:57:24 Enviada lista plantas del userID: 2
11/07/2012 11:58:21 Calculada disponibilidad de planta id: 1, desde :2012-07-11 00:00:00, hasta: 2012-07-11 23:59:59
11/07/2012 11:58:21 Calculados slots para user, id_planta, inicio, fin, desfase: admin, 1, 2012-07-11 00:00:00, 2012-07-11 23:59:59, 0
11/07/2012 11:58:21 Error. Clase TablaAccessListPlanta, metodo estado(). Communications link failure due to underlying exception: 

** BEGIN NESTED EXCEPTION ** 

java.net.SocketException
MESSAGE: java.net.ConnectException: connect: Address is invalid on local machine, or port is not valid on remote machine

STACKTRACE:

java.net.SocketException: java.net.ConnectException: connect: Address is invalid on local machine, or port is not valid on remote machine
	at com.mysql.jdbc.StandardSocketFactory.connect(StandardSocketFactory.java:156)
	at com.mysql.jdbc.MysqlIO.<init>(MysqlIO.java:284)
	at com.mysql.jdbc.Connection.createNewIO(Connection.java:2569)
	at com.mysql.jdbc.Connection.<init>(Connection.java:1485)
	at com.mysql.jdbc.NonRegisteringDriver.connect(NonRegisteringDriver.java:266)
	at java.sql.DriverManager.getConnection(Unknown Source)
	at java.sql.DriverManager.getConnection(Unknown Source)
	at com.javierpavon.proyecto.servidor_reservas.TablaAccessListPlanta.estado(TablaAccessListPlanta.java:222)
	at com.javierpavon.proyecto.servidor_reservas.FuncionesComunicacion.estadoPlanta(FuncionesComunicacion.java:271)
	at com.javierpavon.proyecto.servidor_reservas.PuertoAsignado.run(PuertoAsignado.java:139)


** END NESTED EXCEPTION **



Last packet sent to the server was 47 ms ago.
11/07/2012 11:58:21 Comprobado estado bbdd planta id: 1, FallingBall
11/07/2012 11:59:24 Comprobada existencia de estudiante_1
11/07/2012 11:59:24 Leidos datos de estudiante_1
11/07/2012 11:59:25 Enviada lista plantas del userID: 3
11/07/2012 12:27:10 Comprobada existencia de admin
11/07/2012 12:27:10 Leidos datos de admin
11/07/2012 12:27:10 Enviada lista plantas del userID: 2
11/07/2012 12:27:14 Detenido el servidor para los applets
11/07/2012 12:27:14 Detenido hilo actualización accessList en plantas remotas
11/07/2012 12:27:14 Detenido hilo tareas limpieza/mantenimiento
