10/07/2012 12:00:22 Encendido el servidor para los applets
10/07/2012 12:00:22 Encendido hilo actualización de accessList en plantas remotas
10/07/2012 12:00:22 Encendido hilo tareas limpieza/mantenimiento
10/07/2012 12:00:23 Realizada limpieza de registros antiguos en accessListHistory
10/07/2012 12:00:30 Comprobada existencia de admin
10/07/2012 12:00:30 Leidos datos de admin
10/07/2012 12:00:31 Enviada lista plantas del userID: 2
10/07/2012 12:00:58 Comprobada existencia de admin
10/07/2012 12:00:58 Leidos datos de admin
10/07/2012 12:00:58 Enviada lista plantas del userID: 2
10/07/2012 12:02:30 Comprobada existencia de estudiante_1
10/07/2012 12:02:30 Leidos datos de estudiante_1
10/07/2012 12:02:30 Enviada lista plantas del userID: 3
10/07/2012 12:07:20 Comprobada existencia de admin
10/07/2012 12:07:20 Leidos datos de admin
10/07/2012 12:07:20 Enviada lista plantas del userID: 2
10/07/2012 12:08:10 Comprobada existencia de admin
10/07/2012 12:08:10 Leidos datos de admin
10/07/2012 12:08:10 Enviada lista plantas del userID: 2
10/07/2012 12:54:10 Comprobada existencia de admin
10/07/2012 12:54:10 Leidos datos de admin
10/07/2012 12:54:10 Enviada lista plantas del userID: 2
10/07/2012 12:54:57 Suministradas las reservas actuales de admin
10/07/2012 12:55:07 Calculada disponibilidad de planta id: 2, desde :2012-07-10 00:00:00, hasta: 2012-07-10 23:59:59
10/07/2012 12:55:07 Calculados slots para user, id_planta, inicio, fin, desfase: admin, 2, 2012-07-10 00:00:00, 2012-07-10 23:59:59, 0
10/07/2012 12:58:16 Error. Clase TablaAccessListPlanta, metodo estado(). Communications link failure due to underlying exception: 

** BEGIN NESTED EXCEPTION ** 

java.net.SocketException
MESSAGE: java.net.ConnectException: Connection timed out: connect

STACKTRACE:

java.net.SocketException: java.net.ConnectException: Connection timed out: connect
	at com.mysql.jdbc.StandardSocketFactory.connect(StandardSocketFactory.java:156)
	at com.mysql.jdbc.MysqlIO.<init>(MysqlIO.java:284)
	at com.mysql.jdbc.Connection.createNewIO(Connection.java:2569)
	at com.mysql.jdbc.Connection.<init>(Connection.java:1485)
	at com.mysql.jdbc.NonRegisteringDriver.connect(NonRegisteringDriver.java:266)
	at java.sql.DriverManager.getConnection(Unknown Source)
	at java.sql.DriverManager.getConnection(Unknown Source)
	at com.javierpavon.proyecto.servidor_reservas.TablaAccessListPlanta.estado(TablaAccessListPlanta.java:222)
	at com.javierpavon.proyecto.servidor_reservas.FuncionesComunicacion.estadoPlanta(FuncionesComunicacion.java:271)
	at com.javierpavon.proyecto.servidor_reservas.PuertoAsignado.run(PuertoAsignado.java:139)


** END NESTED EXCEPTION **



Last packet sent to the server was 15 ms ago.
10/07/2012 12:58:16 Comprobado estado bbdd planta id: 2, Sistema de tres tanques - UNED
10/07/2012 13:51:01 Comprobada existencia de estudiante_1
10/07/2012 13:51:01 Leidos datos de estudiante_1
10/07/2012 13:51:01 Enviada lista plantas del userID: 3
10/07/2012 14:13:53 Error. Clase TablaAccessList, metodo seleccionar(WHERE (actualizado='0') OR (actualizado='2') OR (actualizado='3')). com.mysql.jdbc.CommunicationsException: Communications link failure due to underlying exception: 

** BEGIN NESTED EXCEPTION ** 

java.net.SocketException
MESSAGE: Connection reset by peer: socket write error

STACKTRACE:

java.net.SocketException: Connection reset by peer: socket write error
	at java.net.SocketOutputStream.socketWrite0(Native Method)
	at java.net.SocketOutputStream.socketWrite(Unknown Source)
	at java.net.SocketOutputStream.write(Unknown Source)
	at java.io.BufferedOutputStream.flushBuffer(Unknown Source)
	at java.io.BufferedOutputStream.flush(Unknown Source)
	at com.mysql.jdbc.MysqlIO.send(MysqlIO.java:2739)
	at com.mysql.jdbc.MysqlIO.send(MysqlIO.java:2650)
	at com.mysql.jdbc.MysqlIO.sendCommand(MysqlIO.java:1581)
	at com.mysql.jdbc.MysqlIO.sqlQueryDirect(MysqlIO.java:1695)
	at com.mysql.jdbc.Connection.execSQL(Connection.java:3020)
	at com.mysql.jdbc.Connection.execSQL(Connection.java:2949)
	at com.mysql.jdbc.Statement.executeQuery(Statement.java:959)
	at org.apache.commons.dbcp.DelegatingStatement.executeQuery(DelegatingStatement.java:208)
	at com.javierpavon.proyecto.servidor_reservas.TablaAccessList.seleccionar(TablaAccessList.java:38)
	at com.javierpavon.proyecto.servidor_reservas.ActualizaPlantas.run(ActualizaPlantas.java:140)


** END NESTED EXCEPTION **



Last packet sent to the server was 0 ms ago.
10/07/2012 14:13:53 Error. Clase TablaAccessList, metodo seleccionar(WHERE (actualizado='0') OR (actualizado='2') OR (actualizado='3'))->conexion.close(). java.sql.SQLException: Already closed.
