28/06/2012 10:18:27 Error. Clase TablaAccessList, metodo seleccionar(WHERE (actualizado='0') OR (actualizado='2') OR (actualizado='3')). com.mysql.jdbc.CommunicationsException: Communications link failure due to underlying exception: 

** BEGIN NESTED EXCEPTION ** 

java.io.EOFException

STACKTRACE:

java.io.EOFException
	at com.mysql.jdbc.MysqlIO.readFully(MysqlIO.java:1934)
	at com.mysql.jdbc.MysqlIO.reuseAndReadPacket(MysqlIO.java:2380)
	at com.mysql.jdbc.MysqlIO.checkErrorPacket(MysqlIO.java:2909)
	at com.mysql.jdbc.MysqlIO.sendCommand(MysqlIO.java:1600)
	at com.mysql.jdbc.MysqlIO.sqlQueryDirect(MysqlIO.java:1695)
	at com.mysql.jdbc.Connection.execSQL(Connection.java:3020)
	at com.mysql.jdbc.Connection.execSQL(Connection.java:2949)
	at com.mysql.jdbc.Statement.executeQuery(Statement.java:959)
	at org.apache.commons.dbcp.DelegatingStatement.executeQuery(DelegatingStatement.java:208)
	at com.javierpavon.proyecto.servidor_reservas.TablaAccessList.seleccionar(TablaAccessList.java:38)
	at com.javierpavon.proyecto.servidor_reservas.ActualizaPlantas.run(ActualizaPlantas.java:140)


** END NESTED EXCEPTION **



Last packet sent to the server was 0 ms ago.
28/06/2012 10:18:27 Error. Clase TablaAccessList, metodo seleccionar(WHERE (actualizado='0') OR (actualizado='2') OR (actualizado='3'))->conexion.close(). java.sql.SQLException: Already closed.
28/06/2012 10:18:35 Error. Clase TablaAccessList, metodo seleccionar(WHERE (actualizado='0') OR (actualizado='2') OR (actualizado='3')). com.mysql.jdbc.CommunicationsException: Communications link failure due to underlying exception: 

** BEGIN NESTED EXCEPTION ** 

java.net.SocketException
MESSAGE: java.net.ConnectException: Connection refused: connect

STACKTRACE:

java.net.SocketException: java.net.ConnectException: Connection refused: connect
	at com.mysql.jdbc.StandardSocketFactory.connect(StandardSocketFactory.java:156)
	at com.mysql.jdbc.MysqlIO.<init>(MysqlIO.java:284)
	at com.mysql.jdbc.Connection.createNewIO(Connection.java:2569)
	at com.mysql.jdbc.Connection.<init>(Connection.java:1485)
	at com.mysql.jdbc.NonRegisteringDriver.connect(NonRegisteringDriver.java:266)
	at org.apache.commons.dbcp.DriverConnectionFactory.createConnection(DriverConnectionFactory.java:38)
	at org.apache.commons.dbcp.PoolableConnectionFactory.makeObject(PoolableConnectionFactory.java:294)
	at org.apache.commons.pool.impl.GenericObjectPool.borrowObject(GenericObjectPool.java:1148)
	at org.apache.commons.dbcp.PoolingDataSource.getConnection(PoolingDataSource.java:96)
	at org.apache.commons.dbcp.BasicDataSource.getConnection(BasicDataSource.java:880)
	at com.javierpavon.proyecto.servidor_reservas.TablaAccessList.seleccionar(TablaAccessList.java:36)
	at com.javierpavon.proyecto.servidor_reservas.ActualizaPlantas.run(ActualizaPlantas.java:140)


** END NESTED EXCEPTION **



Last packet sent to the server was 0 ms ago.
28/06/2012 10:23:02 Leidos datos Emersion
28/06/2012 10:23:02 Leidos datos mySQL
28/06/2012 10:23:02 Leidos valores servidor
28/06/2012 10:57:29 Error. Clase TablasMoole, metodo existeUsuario(admin, 8f4a2459b617c1f8201369ca7c99176c). com.mysql.jdbc.CommunicationsException: Communications link failure due to underlying exception: 

** BEGIN NESTED EXCEPTION ** 

java.net.SocketException
MESSAGE: Software caused connection abort: recv failed

STACKTRACE:

java.net.SocketException: Software caused connection abort: recv failed
	at java.net.SocketInputStream.socketRead0(Native Method)
	at java.net.SocketInputStream.read(Unknown Source)
	at java.net.SocketInputStream.read(Unknown Source)
	at com.mysql.jdbc.util.ReadAheadInputStream.fill(ReadAheadInputStream.java:113)
	at com.mysql.jdbc.util.ReadAheadInputStream.readFromUnderlyingStreamIfNecessary(ReadAheadInputStream.java:160)
	at com.mysql.jdbc.util.ReadAheadInputStream.read(ReadAheadInputStream.java:188)
	at com.mysql.jdbc.MysqlIO.readFully(MysqlIO.java:1931)
	at com.mysql.jdbc.MysqlIO.reuseAndReadPacket(MysqlIO.java:2380)
	at com.mysql.jdbc.MysqlIO.checkErrorPacket(MysqlIO.java:2909)
	at com.mysql.jdbc.MysqlIO.sendCommand(MysqlIO.java:1600)
	at com.mysql.jdbc.MysqlIO.sqlQueryDirect(MysqlIO.java:1695)
	at com.mysql.jdbc.Connection.execSQL(Connection.java:3020)
	at com.mysql.jdbc.Connection.execSQL(Connection.java:2949)
	at com.mysql.jdbc.Statement.executeQuery(Statement.java:959)
	at org.apache.commons.dbcp.DelegatingStatement.executeQuery(DelegatingStatement.java:208)
	at com.javierpavon.proyecto.servidor_reservas.TablasMoodle.existeUsuario(TablasMoodle.java:136)
	at com.javierpavon.proyecto.servidor_reservas.FuncionesComunicacion.login(FuncionesComunicacion.java:63)
	at com.javierpavon.proyecto.servidor_reservas.PuertoAsignado.run(PuertoAsignado.java:69)


** END NESTED EXCEPTION **



Last packet sent to the server was 0 ms ago.
28/06/2012 10:57:29 Error. Clase TablasMoole, metodo existeUsuario(admin, 8f4a2459b617c1f8201369ca7c99176c)->conexion.close(). java.sql.SQLException: Already closed.
28/06/2012 10:57:29 Error. Clase PuertoAsignado, metodo run, orden clienteLogin. java.lang.Exception: java.lang.Exception: java.sql.SQLException: Already closed.
28/06/2012 10:59:23 Comprobada existencia de admin
28/06/2012 10:59:23 Leidos datos de admin
28/06/2012 10:59:23 Enviada lista plantas del userID: 2
28/06/2012 10:59:31 Error. Clase TablaAccessListPlanta, metodo estado(). Communications link failure due to underlying exception: 

** BEGIN NESTED EXCEPTION ** 

java.net.SocketException
MESSAGE: java.net.ConnectException: connect: Address is invalid on local machine, or port is not valid on remote machine

STACKTRACE:

java.net.SocketException: java.net.ConnectException: connect: Address is invalid on local machine, or port is not valid on remote machine
	at com.mysql.jdbc.StandardSocketFactory.connect(StandardSocketFactory.java:156)
	at com.mysql.jdbc.MysqlIO.<init>(MysqlIO.java:284)
	at com.mysql.jdbc.Connection.createNewIO(Connection.java:2569)
	at com.mysql.jdbc.Connection.<init>(Connection.java:1485)
	at com.mysql.jdbc.NonRegisteringDriver.connect(NonRegisteringDriver.java:266)
	at java.sql.DriverManager.getConnection(Unknown Source)
	at java.sql.DriverManager.getConnection(Unknown Source)
	at com.javierpavon.proyecto.servidor_reservas.TablaAccessListPlanta.estado(TablaAccessListPlanta.java:222)
	at com.javierpavon.proyecto.servidor_reservas.FuncionesComunicacion.estadoPlanta(FuncionesComunicacion.java:271)
	at com.javierpavon.proyecto.servidor_reservas.PuertoAsignado.run(PuertoAsignado.java:139)


** END NESTED EXCEPTION **



Last packet sent to the server was 0 ms ago.
28/06/2012 10:59:31 Comprobado estado bbdd planta id: 1, FallingBall
28/06/2012 10:59:31 Calculada disponibilidad de planta id: 1, desde :2012-06-28 00:00:00, hasta: 2012-06-28 23:59:59
28/06/2012 10:59:31 Calculados slots para user, id_planta, inicio, fin, desfase: admin, 1, 2012-06-28 00:00:00, 2012-06-28 23:59:59, 0
28/06/2012 11:02:00 Leidos datos Emersion
28/06/2012 11:02:00 Leidos datos mySQL
28/06/2012 11:02:00 Leidos valores servidor
28/06/2012 11:02:07 Guardados valores servidor
28/06/2012 11:02:08 Guardados valores servidor
28/06/2012 11:02:12 Leidos datos Emersion
28/06/2012 11:02:12 Leidos datos mySQL
28/06/2012 11:02:12 Leidos valores servidor
28/06/2012 11:04:36 Leidos datos Emersion
28/06/2012 11:04:36 Leidos datos mySQL
28/06/2012 11:04:36 Leidos valores servidor
28/06/2012 11:04:49 Guardados valores servidor
28/06/2012 11:04:57 Guardados valores servidor
28/06/2012 11:05:05 Comprobada existencia de admin
28/06/2012 11:05:05 Leidos datos de admin
28/06/2012 11:05:05 Enviada lista plantas del userID: 2
28/06/2012 11:05:12 Leidos datos Emersion
28/06/2012 11:05:12 Leidos datos mySQL
28/06/2012 11:05:12 Leidos valores servidor
28/06/2012 11:05:15 Guardados valores servidor
28/06/2012 11:05:17 Detenido el servidor para los applets
28/06/2012 11:05:17 Detenido hilo actualización accessList en plantas remotas
28/06/2012 11:05:17 Detenido hilo tareas limpieza/mantenimiento
28/06/2012 11:05:18 Encendido el servidor para los applets
28/06/2012 11:05:18 Encendido hilo tareas limpieza/mantenimiento
28/06/2012 11:05:18 Encendido hilo actualización de accessList en plantas remotas
28/06/2012 11:05:18 Realizada limpieza de registros antiguos en accessListHistory
28/06/2012 11:05:50 Leidos datos Emersion
28/06/2012 11:05:50 Leidos datos mySQL
28/06/2012 11:05:50 Leidos valores servidor
28/06/2012 11:05:53 Guardados valores servidor
28/06/2012 11:08:47 Leidos datos Emersion
28/06/2012 11:08:47 Leidos datos mySQL
28/06/2012 11:08:47 Leidos valores servidor
28/06/2012 11:09:40 Leidos datos Emersion
28/06/2012 11:09:40 Leidos datos mySQL
28/06/2012 11:09:40 Leidos valores servidor
28/06/2012 11:09:43 Guardados valores servidor
28/06/2012 11:10:32 Leidos datos Emersion
28/06/2012 11:10:32 Leidos datos mySQL
28/06/2012 11:10:32 Leidos valores servidor
28/06/2012 11:10:35 Guardados valores servidor
28/06/2012 11:19:12 Encendido hilo actualización de accessList en plantas remotas
28/06/2012 11:19:12 Encendido el servidor para los applets
28/06/2012 11:19:12 Encendido hilo tareas limpieza/mantenimiento
28/06/2012 11:19:16 Realizada limpieza de registros antiguos en accessListHistory
28/06/2012 11:19:18 Leidos datos Emersion
28/06/2012 11:19:18 Leidos datos mySQL
28/06/2012 11:19:18 Leidos valores servidor
28/06/2012 11:19:31 Leidos datos Emersion
28/06/2012 11:19:31 Leidos datos mySQL
28/06/2012 11:19:31 Leidos valores servidor
28/06/2012 11:21:11 Comprobada existencia de admin
28/06/2012 11:21:11 Leidos datos de admin
28/06/2012 11:21:11 Enviada lista plantas del userID: 2
28/06/2012 11:21:15 Calculada disponibilidad de planta id: 1, desde :2012-06-28 00:00:00, hasta: 2012-06-28 23:59:59
28/06/2012 11:21:15 Calculados slots para user, id_planta, inicio, fin, desfase: admin, 1, 2012-06-28 00:00:00, 2012-06-28 23:59:59, 0
28/06/2012 11:21:15 Error. Clase TablaAccessListPlanta, metodo estado(). Communications link failure due to underlying exception: 

** BEGIN NESTED EXCEPTION ** 

java.net.SocketException
MESSAGE: java.net.ConnectException: connect: Address is invalid on local machine, or port is not valid on remote machine

STACKTRACE:

java.net.SocketException: java.net.ConnectException: connect: Address is invalid on local machine, or port is not valid on remote machine
	at com.mysql.jdbc.StandardSocketFactory.connect(StandardSocketFactory.java:156)
	at com.mysql.jdbc.MysqlIO.<init>(MysqlIO.java:284)
	at com.mysql.jdbc.Connection.createNewIO(Connection.java:2569)
	at com.mysql.jdbc.Connection.<init>(Connection.java:1485)
	at com.mysql.jdbc.NonRegisteringDriver.connect(NonRegisteringDriver.java:266)
	at java.sql.DriverManager.getConnection(Unknown Source)
	at java.sql.DriverManager.getConnection(Unknown Source)
	at com.javierpavon.proyecto.servidor_reservas.TablaAccessListPlanta.estado(TablaAccessListPlanta.java:222)
	at com.javierpavon.proyecto.servidor_reservas.FuncionesComunicacion.estadoPlanta(FuncionesComunicacion.java:271)
	at com.javierpavon.proyecto.servidor_reservas.PuertoAsignado.run(PuertoAsignado.java:139)


** END NESTED EXCEPTION **



Last packet sent to the server was 47 ms ago.
28/06/2012 11:21:15 Comprobado estado bbdd planta id: 1, FallingBall
28/06/2012 11:45:26 Error. Clase TablaAccessList, metodo seleccionar(WHERE (actualizado='0') OR (actualizado='2') OR (actualizado='3')). com.mysql.jdbc.CommunicationsException: Communications link failure due to underlying exception: 

** BEGIN NESTED EXCEPTION ** 

java.io.EOFException

STACKTRACE:

java.io.EOFException
	at com.mysql.jdbc.MysqlIO.readFully(MysqlIO.java:1934)
	at com.mysql.jdbc.MysqlIO.reuseAndReadPacket(MysqlIO.java:2380)
	at com.mysql.jdbc.MysqlIO.checkErrorPacket(MysqlIO.java:2909)
	at com.mysql.jdbc.MysqlIO.sendCommand(MysqlIO.java:1600)
	at com.mysql.jdbc.MysqlIO.sqlQueryDirect(MysqlIO.java:1695)
	at com.mysql.jdbc.Connection.execSQL(Connection.java:3020)
	at com.mysql.jdbc.Connection.execSQL(Connection.java:2949)
	at com.mysql.jdbc.Statement.executeQuery(Statement.java:959)
	at org.apache.commons.dbcp.DelegatingStatement.executeQuery(DelegatingStatement.java:208)
	at com.javierpavon.proyecto.servidor_reservas.TablaAccessList.seleccionar(TablaAccessList.java:38)
	at com.javierpavon.proyecto.servidor_reservas.ActualizaPlantas.run(ActualizaPlantas.java:140)


** END NESTED EXCEPTION **



Last packet sent to the server was 0 ms ago.
28/06/2012 11:45:26 Error. Clase TablaAccessList, metodo seleccionar(WHERE (actualizado='0') OR (actualizado='2') OR (actualizado='3'))->conexion.close(). java.sql.SQLException: Already closed.
28/06/2012 11:45:31 Error. Clase TablaAccessList, metodo seleccionar(WHERE (actualizado='0') OR (actualizado='2') OR (actualizado='3')). com.mysql.jdbc.CommunicationsException: Communications link failure due to underlying exception: 

** BEGIN NESTED EXCEPTION ** 

java.io.EOFException

STACKTRACE:

java.io.EOFException
	at com.mysql.jdbc.MysqlIO.readFully(MysqlIO.java:1934)
	at com.mysql.jdbc.MysqlIO.reuseAndReadPacket(MysqlIO.java:2380)
	at com.mysql.jdbc.MysqlIO.checkErrorPacket(MysqlIO.java:2909)
	at com.mysql.jdbc.MysqlIO.sendCommand(MysqlIO.java:1600)
	at com.mysql.jdbc.MysqlIO.sqlQueryDirect(MysqlIO.java:1695)
	at com.mysql.jdbc.Connection.execSQL(Connection.java:3020)
	at com.mysql.jdbc.Connection.execSQL(Connection.java:2949)
	at com.mysql.jdbc.Statement.executeQuery(Statement.java:959)
	at org.apache.commons.dbcp.DelegatingStatement.executeQuery(DelegatingStatement.java:208)
	at com.javierpavon.proyecto.servidor_reservas.TablaAccessList.seleccionar(TablaAccessList.java:38)
	at com.javierpavon.proyecto.servidor_reservas.ActualizaPlantas.run(ActualizaPlantas.java:140)


** END NESTED EXCEPTION **



Last packet sent to the server was 0 ms ago.
28/06/2012 11:45:31 Error. Clase TablaAccessList, metodo seleccionar(WHERE (actualizado='0') OR (actualizado='2') OR (actualizado='3'))->conexion.close(). java.sql.SQLException: Already closed.
28/06/2012 11:45:38 Error. Clase TablaAccessList, metodo seleccionar(WHERE (actualizado='0') OR (actualizado='2') OR (actualizado='3')). com.mysql.jdbc.CommunicationsException: Communications link failure due to underlying exception: 

** BEGIN NESTED EXCEPTION ** 

java.net.SocketException
MESSAGE: java.net.ConnectException: Connection refused: connect

STACKTRACE:

java.net.SocketException: java.net.ConnectException: Connection refused: connect
	at com.mysql.jdbc.StandardSocketFactory.connect(StandardSocketFactory.java:156)
	at com.mysql.jdbc.MysqlIO.<init>(MysqlIO.java:284)
	at com.mysql.jdbc.Connection.createNewIO(Connection.java:2569)
	at com.mysql.jdbc.Connection.<init>(Connection.java:1485)
	at com.mysql.jdbc.NonRegisteringDriver.connect(NonRegisteringDriver.java:266)
	at org.apache.commons.dbcp.DriverConnectionFactory.createConnection(DriverConnectionFactory.java:38)
	at org.apache.commons.dbcp.PoolableConnectionFactory.makeObject(PoolableConnectionFactory.java:294)
	at org.apache.commons.pool.impl.GenericObjectPool.borrowObject(GenericObjectPool.java:1148)
	at org.apache.commons.dbcp.PoolingDataSource.getConnection(PoolingDataSource.java:96)
	at org.apache.commons.dbcp.BasicDataSource.getConnection(BasicDataSource.java:880)
	at com.javierpavon.proyecto.servidor_reservas.TablaAccessList.seleccionar(TablaAccessList.java:36)
	at com.javierpavon.proyecto.servidor_reservas.ActualizaPlantas.run(ActualizaPlantas.java:140)


** END NESTED EXCEPTION **



Last packet sent to the server was 0 ms ago.
28/06/2012 11:45:46 Error. Clase TablaAccessList, metodo seleccionar(WHERE (actualizado='0') OR (actualizado='2') OR (actualizado='3')). com.mysql.jdbc.CommunicationsException: Communications link failure due to underlying exception: 

** BEGIN NESTED EXCEPTION ** 

java.net.SocketException
MESSAGE: java.net.ConnectException: Connection refused: connect

STACKTRACE:

java.net.SocketException: java.net.ConnectException: Connection refused: connect
	at com.mysql.jdbc.StandardSocketFactory.connect(StandardSocketFactory.java:156)
	at com.mysql.jdbc.MysqlIO.<init>(MysqlIO.java:284)
	at com.mysql.jdbc.Connection.createNewIO(Connection.java:2569)
	at com.mysql.jdbc.Connection.<init>(Connection.java:1485)
	at com.mysql.jdbc.NonRegisteringDriver.connect(NonRegisteringDriver.java:266)
	at org.apache.commons.dbcp.DriverConnectionFactory.createConnection(DriverConnectionFactory.java:38)
	at org.apache.commons.dbcp.PoolableConnectionFactory.makeObject(PoolableConnectionFactory.java:294)
	at org.apache.commons.pool.impl.GenericObjectPool.borrowObject(GenericObjectPool.java:1148)
	at org.apache.commons.dbcp.PoolingDataSource.getConnection(PoolingDataSource.java:96)
	at org.apache.commons.dbcp.BasicDataSource.getConnection(BasicDataSource.java:880)
	at com.javierpavon.proyecto.servidor_reservas.TablaAccessList.seleccionar(TablaAccessList.java:36)
	at com.javierpavon.proyecto.servidor_reservas.ActualizaPlantas.run(ActualizaPlantas.java:140)


** END NESTED EXCEPTION **



Last packet sent to the server was 0 ms ago.
28/06/2012 11:45:53 Error. Clase TablaAccessList, metodo seleccionar(WHERE (actualizado='0') OR (actualizado='2') OR (actualizado='3')). com.mysql.jdbc.CommunicationsException: Communications link failure due to underlying exception: 

** BEGIN NESTED EXCEPTION ** 

java.net.SocketException
MESSAGE: java.net.ConnectException: Connection refused: connect

STACKTRACE:

java.net.SocketException: java.net.ConnectException: Connection refused: connect
	at com.mysql.jdbc.StandardSocketFactory.connect(StandardSocketFactory.java:156)
	at com.mysql.jdbc.MysqlIO.<init>(MysqlIO.java:284)
	at com.mysql.jdbc.Connection.createNewIO(Connection.java:2569)
	at com.mysql.jdbc.Connection.<init>(Connection.java:1485)
	at com.mysql.jdbc.NonRegisteringDriver.connect(NonRegisteringDriver.java:266)
	at org.apache.commons.dbcp.DriverConnectionFactory.createConnection(DriverConnectionFactory.java:38)
	at org.apache.commons.dbcp.PoolableConnectionFactory.makeObject(PoolableConnectionFactory.java:294)
	at org.apache.commons.pool.impl.GenericObjectPool.borrowObject(GenericObjectPool.java:1148)
	at org.apache.commons.dbcp.PoolingDataSource.getConnection(PoolingDataSource.java:96)
	at org.apache.commons.dbcp.BasicDataSource.getConnection(BasicDataSource.java:880)
	at com.javierpavon.proyecto.servidor_reservas.TablaAccessList.seleccionar(TablaAccessList.java:36)
	at com.javierpavon.proyecto.servidor_reservas.ActualizaPlantas.run(ActualizaPlantas.java:140)


** END NESTED EXCEPTION **



Last packet sent to the server was 0 ms ago.
28/06/2012 11:46:01 Error. Clase TablaAccessList, metodo seleccionar(WHERE (actualizado='0') OR (actualizado='2') OR (actualizado='3')). com.mysql.jdbc.CommunicationsException: Communications link failure due to underlying exception: 

** BEGIN NESTED EXCEPTION ** 

java.net.SocketException
MESSAGE: java.net.ConnectException: Connection refused: connect

STACKTRACE:

java.net.SocketException: java.net.ConnectException: Connection refused: connect
	at com.mysql.jdbc.StandardSocketFactory.connect(StandardSocketFactory.java:156)
	at com.mysql.jdbc.MysqlIO.<init>(MysqlIO.java:284)
	at com.mysql.jdbc.Connection.createNewIO(Connection.java:2569)
	at com.mysql.jdbc.Connection.<init>(Connection.java:1485)
	at com.mysql.jdbc.NonRegisteringDriver.connect(NonRegisteringDriver.java:266)
	at org.apache.commons.dbcp.DriverConnectionFactory.createConnection(DriverConnectionFactory.java:38)
	at org.apache.commons.dbcp.PoolableConnectionFactory.makeObject(PoolableConnectionFactory.java:294)
	at org.apache.commons.pool.impl.GenericObjectPool.borrowObject(GenericObjectPool.java:1148)
	at org.apache.commons.dbcp.PoolingDataSource.getConnection(PoolingDataSource.java:96)
	at org.apache.commons.dbcp.BasicDataSource.getConnection(BasicDataSource.java:880)
	at com.javierpavon.proyecto.servidor_reservas.TablaAccessList.seleccionar(TablaAccessList.java:36)
	at com.javierpavon.proyecto.servidor_reservas.ActualizaPlantas.run(ActualizaPlantas.java:140)


** END NESTED EXCEPTION **



Last packet sent to the server was 0 ms ago.
28/06/2012 11:46:08 Error. Clase TablaAccessList, metodo seleccionar(WHERE (actualizado='0') OR (actualizado='2') OR (actualizado='3')). com.mysql.jdbc.CommunicationsException: Communications link failure due to underlying exception: 

** BEGIN NESTED EXCEPTION ** 

java.net.SocketException
MESSAGE: java.net.ConnectException: Connection refused: connect

STACKTRACE:

java.net.SocketException: java.net.ConnectException: Connection refused: connect
	at com.mysql.jdbc.StandardSocketFactory.connect(StandardSocketFactory.java:156)
	at com.mysql.jdbc.MysqlIO.<init>(MysqlIO.java:284)
	at com.mysql.jdbc.Connection.createNewIO(Connection.java:2569)
	at com.mysql.jdbc.Connection.<init>(Connection.java:1485)
	at com.mysql.jdbc.NonRegisteringDriver.connect(NonRegisteringDriver.java:266)
	at org.apache.commons.dbcp.DriverConnectionFactory.createConnection(DriverConnectionFactory.java:38)
	at org.apache.commons.dbcp.PoolableConnectionFactory.makeObject(PoolableConnectionFactory.java:294)
	at org.apache.commons.pool.impl.GenericObjectPool.borrowObject(GenericObjectPool.java:1148)
	at org.apache.commons.dbcp.PoolingDataSource.getConnection(PoolingDataSource.java:96)
	at org.apache.commons.dbcp.BasicDataSource.getConnection(BasicDataSource.java:880)
	at com.javierpavon.proyecto.servidor_reservas.TablaAccessList.seleccionar(TablaAccessList.java:36)
	at com.javierpavon.proyecto.servidor_reservas.ActualizaPlantas.run(ActualizaPlantas.java:140)


** END NESTED EXCEPTION **



Last packet sent to the server was 0 ms ago.
28/06/2012 11:46:15 Error. Clase TablaAccessList, metodo seleccionar(WHERE (actualizado='0') OR (actualizado='2') OR (actualizado='3')). com.mysql.jdbc.CommunicationsException: Communications link failure due to underlying exception: 

** BEGIN NESTED EXCEPTION ** 

java.net.SocketException
MESSAGE: java.net.ConnectException: Connection refused: connect

STACKTRACE:

java.net.SocketException: java.net.ConnectException: Connection refused: connect
	at com.mysql.jdbc.StandardSocketFactory.connect(StandardSocketFactory.java:156)
	at com.mysql.jdbc.MysqlIO.<init>(MysqlIO.java:284)
	at com.mysql.jdbc.Connection.createNewIO(Connection.java:2569)
	at com.mysql.jdbc.Connection.<init>(Connection.java:1485)
	at com.mysql.jdbc.NonRegisteringDriver.connect(NonRegisteringDriver.java:266)
	at org.apache.commons.dbcp.DriverConnectionFactory.createConnection(DriverConnectionFactory.java:38)
	at org.apache.commons.dbcp.PoolableConnectionFactory.makeObject(PoolableConnectionFactory.java:294)
	at org.apache.commons.pool.impl.GenericObjectPool.borrowObject(GenericObjectPool.java:1148)
	at org.apache.commons.dbcp.PoolingDataSource.getConnection(PoolingDataSource.java:96)
	at org.apache.commons.dbcp.BasicDataSource.getConnection(BasicDataSource.java:880)
	at com.javierpavon.proyecto.servidor_reservas.TablaAccessList.seleccionar(TablaAccessList.java:36)
	at com.javierpavon.proyecto.servidor_reservas.ActualizaPlantas.run(ActualizaPlantas.java:140)


** END NESTED EXCEPTION **



Last packet sent to the server was 0 ms ago.
28/06/2012 11:46:23 Error. Clase TablaAccessList, metodo seleccionar(WHERE (actualizado='0') OR (actualizado='2') OR (actualizado='3')). com.mysql.jdbc.CommunicationsException: Communications link failure due to underlying exception: 

** BEGIN NESTED EXCEPTION ** 

java.net.SocketException
MESSAGE: java.net.ConnectException: Connection refused: connect

STACKTRACE:

java.net.SocketException: java.net.ConnectException: Connection refused: connect
	at com.mysql.jdbc.StandardSocketFactory.connect(StandardSocketFactory.java:156)
	at com.mysql.jdbc.MysqlIO.<init>(MysqlIO.java:284)
	at com.mysql.jdbc.Connection.createNewIO(Connection.java:2569)
	at com.mysql.jdbc.Connection.<init>(Connection.java:1485)
	at com.mysql.jdbc.NonRegisteringDriver.connect(NonRegisteringDriver.java:266)
	at org.apache.commons.dbcp.DriverConnectionFactory.createConnection(DriverConnectionFactory.java:38)
	at org.apache.commons.dbcp.PoolableConnectionFactory.makeObject(PoolableConnectionFactory.java:294)
	at org.apache.commons.pool.impl.GenericObjectPool.borrowObject(GenericObjectPool.java:1148)
	at org.apache.commons.dbcp.PoolingDataSource.getConnection(PoolingDataSource.java:96)
	at org.apache.commons.dbcp.BasicDataSource.getConnection(BasicDataSource.java:880)
	at com.javierpavon.proyecto.servidor_reservas.TablaAccessList.seleccionar(TablaAccessList.java:36)
	at com.javierpavon.proyecto.servidor_reservas.ActualizaPlantas.run(ActualizaPlantas.java:140)


** END NESTED EXCEPTION **



Last packet sent to the server was 0 ms ago.
28/06/2012 11:46:30 Error. Clase TablaAccessList, metodo seleccionar(WHERE (actualizado='0') OR (actualizado='2') OR (actualizado='3')). com.mysql.jdbc.CommunicationsException: Communications link failure due to underlying exception: 

** BEGIN NESTED EXCEPTION ** 

java.net.SocketException
MESSAGE: java.net.ConnectException: Connection refused: connect

STACKTRACE:

java.net.SocketException: java.net.ConnectException: Connection refused: connect
	at com.mysql.jdbc.StandardSocketFactory.connect(StandardSocketFactory.java:156)
	at com.mysql.jdbc.MysqlIO.<init>(MysqlIO.java:284)
	at com.mysql.jdbc.Connection.createNewIO(Connection.java:2569)
	at com.mysql.jdbc.Connection.<init>(Connection.java:1485)
	at com.mysql.jdbc.NonRegisteringDriver.connect(NonRegisteringDriver.java:266)
	at org.apache.commons.dbcp.DriverConnectionFactory.createConnection(DriverConnectionFactory.java:38)
	at org.apache.commons.dbcp.PoolableConnectionFactory.makeObject(PoolableConnectionFactory.java:294)
	at org.apache.commons.pool.impl.GenericObjectPool.borrowObject(GenericObjectPool.java:1148)
	at org.apache.commons.dbcp.PoolingDataSource.getConnection(PoolingDataSource.java:96)
	at org.apache.commons.dbcp.BasicDataSource.getConnection(BasicDataSource.java:880)
	at com.javierpavon.proyecto.servidor_reservas.TablaAccessList.seleccionar(TablaAccessList.java:36)
	at com.javierpavon.proyecto.servidor_reservas.ActualizaPlantas.run(ActualizaPlantas.java:140)


** END NESTED EXCEPTION **



Last packet sent to the server was 0 ms ago.
28/06/2012 11:55:05 Error. Clase TablaAccessList, metodo seleccionar(WHERE (actualizado='0') OR (actualizado='2') OR (actualizado='3')). java.sql.SQLException: Query execution was interrupted
28/06/2012 11:55:10 Error. Clase TablaAccessList, metodo seleccionar(WHERE (actualizado='0') OR (actualizado='2') OR (actualizado='3')). com.mysql.jdbc.CommunicationsException: Communications link failure due to underlying exception: 

** BEGIN NESTED EXCEPTION ** 

java.net.SocketException
MESSAGE: Software caused connection abort: recv failed

STACKTRACE:

java.net.SocketException: Software caused connection abort: recv failed
	at java.net.SocketInputStream.socketRead0(Native Method)
	at java.net.SocketInputStream.read(Unknown Source)
	at java.net.SocketInputStream.read(Unknown Source)
	at com.mysql.jdbc.util.ReadAheadInputStream.fill(ReadAheadInputStream.java:113)
	at com.mysql.jdbc.util.ReadAheadInputStream.readFromUnderlyingStreamIfNecessary(ReadAheadInputStream.java:160)
	at com.mysql.jdbc.util.ReadAheadInputStream.read(ReadAheadInputStream.java:188)
	at com.mysql.jdbc.MysqlIO.readFully(MysqlIO.java:1931)
	at com.mysql.jdbc.MysqlIO.reuseAndReadPacket(MysqlIO.java:2380)
	at com.mysql.jdbc.MysqlIO.checkErrorPacket(MysqlIO.java:2909)
	at com.mysql.jdbc.MysqlIO.sendCommand(MysqlIO.java:1600)
	at com.mysql.jdbc.MysqlIO.sqlQueryDirect(MysqlIO.java:1695)
	at com.mysql.jdbc.Connection.execSQL(Connection.java:3020)
	at com.mysql.jdbc.Connection.execSQL(Connection.java:2949)
	at com.mysql.jdbc.Statement.executeQuery(Statement.java:959)
	at org.apache.commons.dbcp.DelegatingStatement.executeQuery(DelegatingStatement.java:208)
	at com.javierpavon.proyecto.servidor_reservas.TablaAccessList.seleccionar(TablaAccessList.java:38)
	at com.javierpavon.proyecto.servidor_reservas.ActualizaPlantas.run(ActualizaPlantas.java:140)


** END NESTED EXCEPTION **



Last packet sent to the server was 0 ms ago.
28/06/2012 11:55:10 Error. Clase TablaAccessList, metodo seleccionar(WHERE (actualizado='0') OR (actualizado='2') OR (actualizado='3'))->conexion.close(). java.sql.SQLException: Already closed.
28/06/2012 11:55:18 Error. Clase TablaAccessList, metodo seleccionar(WHERE (actualizado='0') OR (actualizado='2') OR (actualizado='3')). com.mysql.jdbc.CommunicationsException: Communications link failure due to underlying exception: 

** BEGIN NESTED EXCEPTION ** 

java.net.SocketException
MESSAGE: java.net.ConnectException: Connection refused: connect

STACKTRACE:

java.net.SocketException: java.net.ConnectException: Connection refused: connect
	at com.mysql.jdbc.StandardSocketFactory.connect(StandardSocketFactory.java:156)
	at com.mysql.jdbc.MysqlIO.<init>(MysqlIO.java:284)
	at com.mysql.jdbc.Connection.createNewIO(Connection.java:2569)
	at com.mysql.jdbc.Connection.<init>(Connection.java:1485)
	at com.mysql.jdbc.NonRegisteringDriver.connect(NonRegisteringDriver.java:266)
	at org.apache.commons.dbcp.DriverConnectionFactory.createConnection(DriverConnectionFactory.java:38)
	at org.apache.commons.dbcp.PoolableConnectionFactory.makeObject(PoolableConnectionFactory.java:294)
	at org.apache.commons.pool.impl.GenericObjectPool.borrowObject(GenericObjectPool.java:1148)
	at org.apache.commons.dbcp.PoolingDataSource.getConnection(PoolingDataSource.java:96)
	at org.apache.commons.dbcp.BasicDataSource.getConnection(BasicDataSource.java:880)
	at com.javierpavon.proyecto.servidor_reservas.TablaAccessList.seleccionar(TablaAccessList.java:36)
	at com.javierpavon.proyecto.servidor_reservas.ActualizaPlantas.run(ActualizaPlantas.java:140)


** END NESTED EXCEPTION **



Last packet sent to the server was 0 ms ago.
